\BOOKMARK [1][-]{section.1}{\376\377\000I\000n\000t\000r\000o\000d\000u\000c\000t\000i\000o\000n}{}% 1
\BOOKMARK [2][-]{subsection.1.1}{\376\377\000U\000n\000d\000e\000r\000s\000t\000a\000n\000d\000i\000n\000g\000\040\000t\000h\000e\000\040\000p\000o\000t\000e\000n\000t\000i\000a\000l}{section.1}% 2
\BOOKMARK [2][-]{subsection.1.2}{\376\377\000F\000o\000r\000c\000e\000s\000\040\000a\000n\000d\000\040\000e\000q\000u\000a\000t\000i\000o\000n\000\040\000o\000f\000\040\000m\000o\000t\000i\000o\000n}{section.1}% 3
\BOOKMARK [2][-]{subsection.1.3}{\376\377\000U\000n\000i\000t\000s}{section.1}% 4
\BOOKMARK [1][-]{section.2}{\376\377\000T\000w\000o\000-\000a\000t\000o\000m\000\040\000s\000i\000m\000u\000l\000a\000t\000i\000o\000n\000s}{}% 5
\BOOKMARK [2][-]{subsection.2.1}{\376\377\000I\000m\000p\000l\000e\000m\000e\000n\000t\000a\000t\000i\000o\000n}{section.2}% 6
\BOOKMARK [2][-]{subsection.2.2}{\376\377\000M\000o\000t\000i\000o\000n}{section.2}% 7
\BOOKMARK [2][-]{subsection.2.3}{\376\377\000E\000n\000e\000r\000g\000y}{section.2}% 8
\BOOKMARK [2][-]{subsection.2.4}{\376\377\000V\000i\000s\000u\000a\000l\000i\000z\000a\000t\000i\000o\000n}{section.2}% 9
\BOOKMARK [1][-]{section.3}{\376\377\000L\000a\000r\000g\000e\000\040\000s\000y\000s\000t\000e\000m\000s}{}% 10
\BOOKMARK [2][-]{subsection.3.1}{\376\377\000I\000m\000p\000l\000e\000m\000e\000n\000t\000a\000t\000i\000o\000n}{section.3}% 11
\BOOKMARK [2][-]{subsection.3.2}{\376\377\000V\000e\000r\000i\000f\000i\000c\000a\000t\000i\000o\000n}{section.3}% 12
\BOOKMARK [2][-]{subsection.3.3}{\376\377\000I\000n\000i\000t\000i\000a\000l\000i\000s\000a\000t\000i\000o\000n}{section.3}% 13
\BOOKMARK [2][-]{subsection.3.4}{\376\377\000M\000a\000n\000y\000\040\000a\000t\000o\000m\000s\000,\000\040\000o\000p\000e\000n\000\040\000b\000o\000u\000n\000d\000a\000r\000y}{section.3}% 14
\BOOKMARK [2][-]{subsection.3.5}{\376\377\000B\000o\000u\000n\000d\000a\000r\000y\000\040\000c\000o\000n\000d\000i\000t\000i\000o\000n\000s}{section.3}% 15
\BOOKMARK [1][-]{section.4}{\376\377\000S\000c\000i\000e\000n\000c\000e}{}% 16
\BOOKMARK [2][-]{subsection.4.1}{\376\377\000T\000e\000m\000p\000e\000r\000a\000t\000u\000r\000e}{section.4}% 17
\BOOKMARK [2][-]{subsection.4.2}{\376\377\000V\000e\000l\000o\000c\000i\000t\000y\000\040\000a\000u\000t\000o\000c\000o\000r\000r\000e\000l\000a\000t\000i\000o\000n\000\040\000a\000n\000d\000\040\000d\000i\000f\000f\000u\000s\000i\000o\000n\000\040\000c\000o\000e\000f\000f\000i\000c\000i\000e\000n\000t}{section.4}% 18
\BOOKMARK [2][-]{subsection.4.3}{\376\377\000M\000e\000a\000n\000\040\000s\000q\000u\000a\000r\000e\000\040\000d\000i\000s\000p\000l\000a\000c\000e\000m\000e\000n\000t\000\040\000a\000n\000d\000\040\000d\000i\000f\000f\000u\000s\000i\000o\000n\000\040\000c\000o\000e\000f\000f\000i\000c\000i\000e\000n\000t}{section.4}% 19
\BOOKMARK [2][-]{subsection.4.4}{\376\377\000R\000a\000d\000i\000a\000l\000\040\000d\000i\000s\000t\000r\000i\000b\000u\000t\000i\000o\000n\000\040\000f\000u\000n\000c\000t\000i\000o\000n}{section.4}% 20
